Determining if the pthread_create exist failed with the following output:
Change Dir: /home/asis/build-TensorRTLocalHostApi-Desktop-Release/CMakeFiles/CMakeTmp

Run Build Command:"/usr/bin/make" "cmTC_01089/fast"
/usr/bin/make -f CMakeFiles/cmTC_01089.dir/build.make CMakeFiles/cmTC_01089.dir/build
make[1]: Entering directory '/home/asis/build-TensorRTLocalHostApi-Desktop-Release/CMakeFiles/CMakeTmp'
Building C object CMakeFiles/cmTC_01089.dir/CheckSymbolExists.c.o
/usr/bin/gcc   -fPIC    -o CMakeFiles/cmTC_01089.dir/CheckSymbolExists.c.o   -c /home/asis/build-TensorRTLocalHostApi-Desktop-Release/CMakeFiles/CMakeTmp/CheckSymbolExists.c
Linking C executable cmTC_01089
/usr/bin/cmake -E cmake_link_script CMakeFiles/cmTC_01089.dir/link.txt --verbose=1
/usr/bin/gcc -fPIC     CMakeFiles/cmTC_01089.dir/CheckSymbolExists.c.o  -o cmTC_01089 
CMakeFiles/cmTC_01089.dir/CheckSymbolExists.c.o: In function `main':
CheckSymbolExists.c:(.text+0x1b): undefined reference to `pthread_create'
collect2: error: ld returned 1 exit status
CMakeFiles/cmTC_01089.dir/build.make:97: recipe for target 'cmTC_01089' failed
make[1]: *** [cmTC_01089] Error 1
make[1]: Leaving directory '/home/asis/build-TensorRTLocalHostApi-Desktop-Release/CMakeFiles/CMakeTmp'
Makefile:126: recipe for target 'cmTC_01089/fast' failed
make: *** [cmTC_01089/fast] Error 2

File /home/asis/build-TensorRTLocalHostApi-Desktop-Release/CMakeFiles/CMakeTmp/CheckSymbolExists.c:
/* */
#include <pthread.h>

int main(int argc, char** argv)
{
  (void)argv;
#ifndef pthread_create
  return ((int*)(&pthread_create))[argc];
#else
  (void)argc;
  return 0;
#endif
}

Determining if the function pthread_create exists in the pthreads failed with the following output:
Change Dir: /home/asis/build-TensorRTLocalHostApi-Desktop-Release/CMakeFiles/CMakeTmp

Run Build Command:"/usr/bin/make" "cmTC_fe036/fast"
/usr/bin/make -f CMakeFiles/cmTC_fe036.dir/build.make CMakeFiles/cmTC_fe036.dir/build
make[1]: Entering directory '/home/asis/build-TensorRTLocalHostApi-Desktop-Release/CMakeFiles/CMakeTmp'
Building C object CMakeFiles/cmTC_fe036.dir/CheckFunctionExists.c.o
/usr/bin/gcc   -fPIC -DCHECK_FUNCTION_EXISTS=pthread_create   -o CMakeFiles/cmTC_fe036.dir/CheckFunctionExists.c.o   -c /usr/share/cmake-3.10/Modules/CheckFunctionExists.c
Linking C executable cmTC_fe036
/usr/bin/cmake -E cmake_link_script CMakeFiles/cmTC_fe036.dir/link.txt --verbose=1
/usr/bin/gcc -fPIC -DCHECK_FUNCTION_EXISTS=pthread_create    CMakeFiles/cmTC_fe036.dir/CheckFunctionExists.c.o  -o cmTC_fe036 -lpthreads 
/usr/bin/ld: cannot find -lpthreads
collect2: error: ld returned 1 exit status
CMakeFiles/cmTC_fe036.dir/build.make:97: recipe for target 'cmTC_fe036' failed
make[1]: *** [cmTC_fe036] Error 1
make[1]: Leaving directory '/home/asis/build-TensorRTLocalHostApi-Desktop-Release/CMakeFiles/CMakeTmp'
Makefile:126: recipe for target 'cmTC_fe036/fast' failed
make: *** [cmTC_fe036/fast] Error 2


